<?xml version="1.0" encoding="UTF-8"?>
<!-- Generated by org.testng.reporters.JUnitReportReporter -->
<testsuite skipped="0" hostname="LAPTOP-UH729F15" name="com.testng.practice.TestngPr" tests="3" failures="0" timestamp="2022-03-29T21:49:34 IST" time="0.009" errors="0">
  <testcase name="m2" time="0.001" classname="com.testng.practice.TestngPr"/>
  <system-out/>
  <testcase name="m1" time="0.008" classname="com.testng.practice.TestngPr"/>
  <system-out/>
  <testcase name="m3" time="0.000" classname="com.testng.practice.TestngPr"/>
  <system-out/>
</testsuite> <!-- com.testng.practice.TestngPr -->
